<?xml version="1.0" encoding="UTF-8"?>
<!-- Generated by org.testng.reporters.JUnitReportReporter -->
<testsuite skipped="0" hostname="DESKTOP-SRB16LV" name="testingmaven.Openyoutube" tests="1" failures="0" timestamp="03 Jul 2020 06:23:22 GMT" time="32.157" errors="0">
  <testcase name="tc_3" time="32.157" classname="testingmaven.Openyoutube"/>
</testsuite> <!-- testingmaven.Openyoutube -->
