<?xml version="1.0" encoding="UTF-8"?>
<!-- Generated by org.testng.reporters.JUnitReportReporter -->
<testsuite hostname="TYSS" failures="0" tests="1" name="com.orangehrm.tests.TestLoginpage" time="17.622" errors="0" timestamp="2021-11-16T11:06:00 IST" skipped="0">
  <testcase classname="com.orangehrm.tests.TestLoginpage" name="main" time="17.622"/>
  <system-out>
    <![CDATA[https://opensource-demo.orangehrmlive.com/index.php/dashboard]]>
  </system-out>
</testsuite> <!-- com.orangehrm.tests.TestLoginpage -->
