<?xml version="1.0" encoding="UTF-8"?>
<!-- Generated by org.testng.reporters.JUnitReportReporter -->
<testsuite hostname="TYSS" failures="0" tests="1" name="automation.Democlass" time="38.498" errors="0" timestamp="2021-11-12T17:16:03 IST" skipped="0">
  <testcase classname="automation.Democlass" name="test1" time="38.498"/>
  <system-out/>
</testsuite> <!-- automation.Democlass -->
