<?xml version="1.0" encoding="UTF-8"?>
<!-- Generated by org.testng.reporters.JUnitReportReporter -->
<testsuite hostname="TYSS" failures="0" tests="1" name="com.actitime.test.TestLogin" time="0.614" errors="0" timestamp="2021-11-22T17:12:36 IST" skipped="0">
  <testcase classname="com.actitime.test.TestLogin" name="loginTesting" time="0.614"/>
  <system-out/>
</testsuite> <!-- com.actitime.test.TestLogin -->
